<?xml version="1.0" encoding="UTF-8"?>
<!-- Generated by org.testng.reporters.JUnitReportReporter -->
<testsuite hostname="Admin-PC" failures="0" tests="1" name="test.FriendSearch" time="142.384" errors="0" timestamp="2022-05-31T17:34:15 IST" skipped="0">
  <testcase classname="test.FriendSearch" name="f" time="142.384"/>
  <system-out>
    <![CDATA[Ram Shitole Deshmukh]]>
  </system-out>
</testsuite> <!-- test.FriendSearch -->
