<?xml version="1.0" encoding="UTF-8"?>
<!-- Generated by org.testng.reporters.JUnitReportReporter -->
<testsuite hostname="Admin-PC" failures="0" tests="1" name="test.TestClass" time="38.011" errors="0" timestamp="2022-05-31T15:45:10 IST" skipped="0">
  <testcase classname="test.TestClass" name="f" time="38.011"/>
  <system-out>
    <![CDATA[Ram Shitole Deshmukh LogIn suceessfuly]]>
  </system-out>
</testsuite> <!-- test.TestClass -->
